Configuring data-binary-ieee754-0.4.4...
Building data-binary-ieee754-0.4.4...
Preprocessing library data-binary-ieee754-0.4.4...
[1 of 1] Compiling Data.Binary.IEEE754 ( lib/Data/Binary/IEEE754.hs, .stack-work/dist/x86_64-osx/Cabal-1.22.5.0/build/Data/Binary/IEEE754.o )

lib/Data/Binary/IEEE754.hs:12:1: Warning: Tab character

lib/Data/Binary/IEEE754.hs:13:1: Warning: Tab character

lib/Data/Binary/IEEE754.hs:14:1: Warning: Tab character

lib/Data/Binary/IEEE754.hs:15:1: Warning: Tab character

lib/Data/Binary/IEEE754.hs:16:1: Warning: Tab character

lib/Data/Binary/IEEE754.hs:17:1: Warning: Tab character

lib/Data/Binary/IEEE754.hs:18:1: Warning: Tab character

lib/Data/Binary/IEEE754.hs:19:1: Warning: Tab character

lib/Data/Binary/IEEE754.hs:20:1: Warning: Tab character

lib/Data/Binary/IEEE754.hs:21:1: Warning: Tab character

lib/Data/Binary/IEEE754.hs:22:1: Warning: Tab character

lib/Data/Binary/IEEE754.hs:23:1: Warning: Tab character

lib/Data/Binary/IEEE754.hs:78:1: Warning: Tab character

lib/Data/Binary/IEEE754.hs:79:1: Warning: Tab character

lib/Data/Binary/IEEE754.hs:83:1: Warning: Tab character

lib/Data/Binary/IEEE754.hs:84:1: Warning: Tab character

lib/Data/Binary/IEEE754.hs:88:1: Warning: Tab character

lib/Data/Binary/IEEE754.hs:89:1: Warning: Tab character

lib/Data/Binary/IEEE754.hs:90:1: Warning: Tab character

lib/Data/Binary/IEEE754.hs:91:1: Warning: Tab character

lib/Data/Binary/IEEE754.hs:92:1: Warning: Tab character

lib/Data/Binary/IEEE754.hs:93:1: Warning: Tab character

lib/Data/Binary/IEEE754.hs:94:1: Warning: Tab character

lib/Data/Binary/IEEE754.hs:95:1: Warning: Tab character

lib/Data/Binary/IEEE754.hs:96:1: Warning: Tab character

lib/Data/Binary/IEEE754.hs:97:1: Warning: Tab character

lib/Data/Binary/IEEE754.hs:98:1: Warning: Tab character

lib/Data/Binary/IEEE754.hs:99:1: Warning: Tab character

lib/Data/Binary/IEEE754.hs:100:1: Warning: Tab character

lib/Data/Binary/IEEE754.hs:101:1: Warning: Tab character

lib/Data/Binary/IEEE754.hs:102:1: Warning: Tab character

lib/Data/Binary/IEEE754.hs:103:1: Warning: Tab character

lib/Data/Binary/IEEE754.hs:104:1: Warning: Tab character

lib/Data/Binary/IEEE754.hs:105:1: Warning: Tab character

lib/Data/Binary/IEEE754.hs:106:1: Warning: Tab character

lib/Data/Binary/IEEE754.hs:107:1: Warning: Tab character

lib/Data/Binary/IEEE754.hs:108:1: Warning: Tab character

lib/Data/Binary/IEEE754.hs:109:1: Warning: Tab character

lib/Data/Binary/IEEE754.hs:110:1: Warning: Tab character

lib/Data/Binary/IEEE754.hs:111:1: Warning: Tab character

lib/Data/Binary/IEEE754.hs:112:1: Warning: Tab character

lib/Data/Binary/IEEE754.hs:113:1: Warning: Tab character

lib/Data/Binary/IEEE754.hs:114:1: Warning: Tab character

lib/Data/Binary/IEEE754.hs:115:1: Warning: Tab character

lib/Data/Binary/IEEE754.hs:116:1: Warning: Tab character

lib/Data/Binary/IEEE754.hs:117:1: Warning: Tab character

lib/Data/Binary/IEEE754.hs:118:1: Warning: Tab character

lib/Data/Binary/IEEE754.hs:119:1: Warning: Tab character

lib/Data/Binary/IEEE754.hs:120:1: Warning: Tab character

lib/Data/Binary/IEEE754.hs:121:1: Warning: Tab character
In-place registering data-binary-ieee754-0.4.4...
Installing library in
/Users/cassie/.stack/snapshots/x86_64-osx/lts-6.7/7.10.3/lib/x86_64-osx-ghc-7.10.3/data-binary-ieee754-0.4.4-LscVfvSYUChE22ECWWHc4v
Registering data-binary-ieee754-0.4.4...
