Configuring mongoDB-2.1.1.1...
Building mongoDB-2.1.1.1...
Preprocessing library mongoDB-2.1.1.1...
[1 of 8] Compiling Database.MongoDB.Transport ( Database/MongoDB/Transport.hs, .stack-work/dist/x86_64-osx/Cabal-1.24.0.0/build/Database/MongoDB/Transport.o )
[2 of 8] Compiling Database.MongoDB.Internal.Util ( Database/MongoDB/Internal/Util.hs, .stack-work/dist/x86_64-osx/Cabal-1.24.0.0/build/Database/MongoDB/Internal/Util.o )

/var/folders/fs/323b5nqn5hjf94x02r4wfhg80000gn/T/ghc31108_0/ghc_11.hscpp:392:1: warning: [-Wdeprecations]
    Module ‘Control.Monad.Error’ is deprecated:
      Use Control.Monad.Except instead

/var/folders/fs/323b5nqn5hjf94x02r4wfhg80000gn/T/ghc31108_0/ghc_11.hscpp:436:1: warning: [-Wredundant-constraints]
    • Redundant constraint: Functor m
    • In the type signature for:
           loop :: (Functor m, Monad m) => m (Maybe a) -> m [a]

/var/folders/fs/323b5nqn5hjf94x02r4wfhg80000gn/T/ghc31108_0/ghc_11.hscpp:440:34: warning: [-Wdeprecations]
    In the use of type constructor or class ‘Error’
    (imported from Control.Monad.Error, but defined in transformers-0.5.2.0:Control.Monad.Trans.Error):
    Deprecated: "Use Control.Monad.Trans.Except instead"

/var/folders/fs/323b5nqn5hjf94x02r4wfhg80000gn/T/ghc31108_0/ghc_11.hscpp:442:31: warning: [-Wdeprecations]
    In the use of ‘strMsg’
    (imported from Control.Monad.Error, but defined in transformers-0.5.2.0:Control.Monad.Trans.Error):
    Deprecated: "Use Control.Monad.Trans.Except instead"
[3 of 8] Compiling Database.MongoDB.Internal.Protocol ( Database/MongoDB/Internal/Protocol.hs, .stack-work/dist/x86_64-osx/Cabal-1.24.0.0/build/Database/MongoDB/Internal/Protocol.o )
[4 of 8] Compiling Database.MongoDB.Query ( Database/MongoDB/Query.hs, .stack-work/dist/x86_64-osx/Cabal-1.24.0.0/build/Database/MongoDB/Query.o )

/var/folders/fs/323b5nqn5hjf94x02r4wfhg80000gn/T/ghc31108_0/ghc_5.hscpp:439:1: warning: [-Wdeprecations]
    Module ‘Control.Monad.Error’ is deprecated:
      Use Control.Monad.Except instead

/var/folders/fs/323b5nqn5hjf94x02r4wfhg80000gn/T/ghc31108_0/ghc_5.hscpp:486:1: warning: [-Wredundant-constraints]
    • Redundant constraint: MonadIO m
    • In the type signature for:
           access :: MonadIO m =>
                     Pipe -> AccessMode -> Database -> Action m a -> m a

/var/folders/fs/323b5nqn5hjf94x02r4wfhg80000gn/T/ghc31108_0/ghc_5.hscpp:505:10: warning: [-Wdeprecations]
    In the use of type constructor or class ‘Error’
    (imported from Control.Monad.Error, but defined in transformers-0.5.2.0:Control.Monad.Trans.Error):
    Deprecated: "Use Control.Monad.Trans.Except instead"

/var/folders/fs/323b5nqn5hjf94x02r4wfhg80000gn/T/ghc31108_0/ghc_5.hscpp:505:10: warning: [-Wdeprecations]
    In the use of type constructor or class ‘Error’
    (imported from Control.Monad.Error, but defined in transformers-0.5.2.0:Control.Monad.Trans.Error):
    Deprecated: "Use Control.Monad.Trans.Except instead"
[5 of 8] Compiling Database.MongoDB.Connection ( Database/MongoDB/Connection.hs, .stack-work/dist/x86_64-osx/Cabal-1.24.0.0/build/Database/MongoDB/Connection.o )

/var/folders/fs/323b5nqn5hjf94x02r4wfhg80000gn/T/ghc31108_0/ghc_3.hscpp:410:1: warning: [-Wdeprecations]
    Module ‘Control.Monad.Error’ is deprecated:
      Use Control.Monad.Except instead
[6 of 8] Compiling Database.MongoDB.Admin ( Database/MongoDB/Admin.hs, .stack-work/dist/x86_64-osx/Cabal-1.24.0.0/build/Database/MongoDB/Admin.o )

/var/folders/fs/323b5nqn5hjf94x02r4wfhg80000gn/T/ghc31108_0/ghc_1.hscpp:509:1: warning: [-Wredundant-constraints]
    • Redundant constraint: Functor m
    • In the type signature for:
           getIndexes :: (MonadIO m, MonadBaseControl IO m, Functor m) =>
                         Collection -> Action m [Document]

/var/folders/fs/323b5nqn5hjf94x02r4wfhg80000gn/T/ghc31108_0/ghc_1.hscpp:562:1: warning: [-Wredundant-constraints]
    • Redundant constraint: Functor m
    • In the type signature for:
           allUsers :: (MonadIO m, MonadBaseControl IO m, Functor m) =>
                       Action m [Document]
[7 of 8] Compiling Database.MongoDB ( Database/MongoDB.hs, .stack-work/dist/x86_64-osx/Cabal-1.24.0.0/build/Database/MongoDB.o )
[8 of 8] Compiling Database.MongoDB.Transport.Tls ( Database/MongoDB/Transport/Tls.hs, .stack-work/dist/x86_64-osx/Cabal-1.24.0.0/build/Database/MongoDB/Transport/Tls.o )
Installing library in
/Users/cassie/.stack/snapshots/x86_64-osx/lts-7.10/8.0.1/lib/x86_64-osx-ghc-8.0.1/mongoDB-2.1.1.1-HGeHL7diW4ABP90GyOfvAQ
Registering mongoDB-2.1.1.1...
